  Client.cpp
D:\Vcpkg\vcpkg-master\vcpkg-master\installed\x86-windows\include\google\protobuf\stubs\logging.h(102,23): warning C4251: 'google::protobuf::internal::LogMessage::message_': class 'std::basic_string<char,std::char_traits<char>,std::allocator<char>>' needs to have dll-interface to be used by clients of class 'google::protobuf::internal::LogMessage'
C:\Program Files (x86)\Microsoft Visual Studio\2019\Community\VC\Tools\MSVC\14.24.28314\include\xstring(4448): message : see declaration of 'std::basic_string<char,std::char_traits<char>,std::allocator<char>>'
D:\Vcpkg\vcpkg-master\vcpkg-master\installed\x86-windows\include\google\protobuf\io\coded_stream.h(1250,64): warning C4251: 'google::protobuf::io::CodedOutputStream::default_serialization_deterministic_': struct 'std::atomic<bool>' needs to have dll-interface to be used by clients of class 'google::protobuf::io::CodedOutputStream'
C:\Program Files (x86)\Microsoft Visual Studio\2019\Community\VC\Tools\MSVC\14.24.28314\include\atomic(1901): message : see declaration of 'std::atomic<bool>'
D:\Vcpkg\vcpkg-master\vcpkg-master\installed\x86-windows\include\google\protobuf\arena_impl.h(287,58): warning C4251: 'google::protobuf::internal::ArenaImpl::lifecycle_id_generator_': struct 'std::atomic<__int64>' needs to have dll-interface to be used by clients of class 'google::protobuf::internal::ArenaImpl'
C:\Program Files (x86)\Microsoft Visual Studio\2019\Community\VC\Tools\MSVC\14.24.28314\include\atomic(1912): message : see declaration of 'std::atomic<__int64>'
D:\Vcpkg\vcpkg-master\vcpkg-master\installed\x86-windows\include\google\protobuf\arena_impl.h(321,15): warning C4251: 'google::protobuf::internal::ArenaImpl::threads_': struct 'std::atomic<google::protobuf::internal::ArenaImpl::SerialArena *>' needs to have dll-interface to be used by clients of class 'google::protobuf::internal::ArenaImpl'
D:\Vcpkg\vcpkg-master\vcpkg-master\installed\x86-windows\include\google\protobuf\arena_impl.h(320): message : see declaration of 'std::atomic<google::protobuf::internal::ArenaImpl::SerialArena *>'
D:\Vcpkg\vcpkg-master\vcpkg-master\installed\x86-windows\include\google\protobuf\arena_impl.h(322,34): warning C4251: 'google::protobuf::internal::ArenaImpl::hint_': struct 'std::atomic<google::protobuf::internal::ArenaImpl::SerialArena *>' needs to have dll-interface to be used by clients of class 'google::protobuf::internal::ArenaImpl'
D:\Vcpkg\vcpkg-master\vcpkg-master\installed\x86-windows\include\google\protobuf\arena_impl.h(320): message : see declaration of 'std::atomic<google::protobuf::internal::ArenaImpl::SerialArena *>'
D:\Vcpkg\vcpkg-master\vcpkg-master\installed\x86-windows\include\google\protobuf\arena_impl.h(323,39): warning C4251: 'google::protobuf::internal::ArenaImpl::space_allocated_': struct 'std::atomic<unsigned int>' needs to have dll-interface to be used by clients of class 'google::protobuf::internal::ArenaImpl'
C:\Program Files (x86)\Microsoft Visual Studio\2019\Community\VC\Tools\MSVC\14.24.28314\include\atomic(1909): message : see declaration of 'std::atomic<unsigned int>'
D:\Vcpkg\vcpkg-master\vcpkg-master\installed\x86-windows\include\google\protobuf\arena_impl.h(360,19): warning C4251: 'google::protobuf::internal::ArenaImpl::options_': struct 'google::protobuf::internal::ArenaImpl::Options' needs to have dll-interface to be used by clients of class 'google::protobuf::internal::ArenaImpl'
D:\Vcpkg\vcpkg-master\vcpkg-master\installed\x86-windows\include\google\protobuf\arena_impl.h(68): message : see declaration of 'google::protobuf::internal::ArenaImpl::Options'
D:\Vcpkg\vcpkg-master\vcpkg-master\installed\x86-windows\include\google\protobuf\implicit_weak_message.h(97,20): warning C4251: 'google::protobuf::internal::ImplicitWeakMessage::data_': class 'std::basic_string<char,std::char_traits<char>,std::allocator<char>>' needs to have dll-interface to be used by clients of class 'google::protobuf::internal::ImplicitWeakMessage'
C:\Program Files (x86)\Microsoft Visual Studio\2019\Community\VC\Tools\MSVC\14.24.28314\include\xstring(4448): message : see declaration of 'std::basic_string<char,std::char_traits<char>,std::allocator<char>>'
D:\Vcpkg\vcpkg-master\vcpkg-master\installed\x86-windows\include\google\protobuf\generated_message_util.h(179,28): warning C4251: 'google::protobuf::internal::CachedSize::size_': struct 'std::atomic<int>' needs to have dll-interface to be used by clients of class 'google::protobuf::internal::CachedSize'
C:\Program Files (x86)\Microsoft Visual Studio\2019\Community\VC\Tools\MSVC\14.24.28314\include\atomic(1908): message : see declaration of 'std::atomic<int>'
D:\Vcpkg\vcpkg-master\vcpkg-master\installed\x86-windows\include\google\protobuf\metadata_lite.h(226,22): warning C4251: 'google::protobuf::internal::LiteUnknownFieldSetter::buffer_': class 'std::basic_string<char,std::char_traits<char>,std::allocator<char>>' needs to have dll-interface to be used by clients of class 'google::protobuf::internal::LiteUnknownFieldSetter'
C:\Program Files (x86)\Microsoft Visual Studio\2019\Community\VC\Tools\MSVC\14.24.28314\include\xstring(4448): message : see declaration of 'std::basic_string<char,std::char_traits<char>,std::allocator<char>>'
D:\Vcpkg\vcpkg-master\vcpkg-master\installed\x86-windows\include\google\protobuf\inlined_string_field.h(159,21): warning C4251: 'google::protobuf::internal::InlinedStringField::value_': class 'std::basic_string<char,std::char_traits<char>,std::allocator<char>>' needs to have dll-interface to be used by clients of class 'google::protobuf::internal::InlinedStringField'
C:\Program Files (x86)\Microsoft Visual Studio\2019\Community\VC\Tools\MSVC\14.24.28314\include\xstring(4448): message : see declaration of 'std::basic_string<char,std::char_traits<char>,std::allocator<char>>'
D:\Vcpkg\vcpkg-master\vcpkg-master\installed\x86-windows\include\google\protobuf\io\zero_copy_stream_impl_lite.h(243,35): warning C4251: 'google::protobuf::io::CopyingInputStreamAdaptor::buffer_': class 'std::unique_ptr<google::protobuf::uint8 [],std::default_delete<google::protobuf::uint8 []>>' needs to have dll-interface to be used by clients of class 'google::protobuf::io::CopyingInputStreamAdaptor'
D:\Vcpkg\vcpkg-master\vcpkg-master\installed\x86-windows\include\google\protobuf\io\zero_copy_stream_impl_lite.h(243): message : see declaration of 'std::unique_ptr<google::protobuf::uint8 [],std::default_delete<google::protobuf::uint8 []>>'
D:\Vcpkg\vcpkg-master\vcpkg-master\installed\x86-windows\include\google\protobuf\io\zero_copy_stream_impl_lite.h(332,35): warning C4251: 'google::protobuf::io::CopyingOutputStreamAdaptor::buffer_': class 'std::unique_ptr<google::protobuf::uint8 [],std::default_delete<google::protobuf::uint8 []>>' needs to have dll-interface to be used by clients of class 'google::protobuf::io::CopyingOutputStreamAdaptor'
D:\Vcpkg\vcpkg-master\vcpkg-master\installed\x86-windows\include\google\protobuf\io\zero_copy_stream_impl_lite.h(243): message : see declaration of 'std::unique_ptr<google::protobuf::uint8 [],std::default_delete<google::protobuf::uint8 []>>'
D:\Vcpkg\vcpkg-master\vcpkg-master\installed\x86-windows\include\google\protobuf\unknown_field_set.h(207,36): warning C4251: 'google::protobuf::UnknownFieldSet::fields_': class 'std::vector<google::protobuf::UnknownField,std::allocator<google::protobuf::UnknownField>>' needs to have dll-interface to be used by clients of class 'google::protobuf::UnknownFieldSet'
D:\Vcpkg\vcpkg-master\vcpkg-master\installed\x86-windows\include\google\protobuf\unknown_field_set.h(207): message : see declaration of 'std::vector<google::protobuf::UnknownField,std::allocator<google::protobuf::UnknownField>>'
D:\Vcpkg\vcpkg-master\vcpkg-master\installed\x86-windows\include\google\protobuf\stubs\mutex.h(107,17): warning C4251: 'google::protobuf::internal::WrappedMutex::mu_': class 'std::mutex' needs to have dll-interface to be used by clients of class 'google::protobuf::internal::WrappedMutex'
C:\Program Files (x86)\Microsoft Visual Studio\2019\Community\VC\Tools\MSVC\14.24.28314\include\mutex(87): message : see declaration of 'std::mutex'
D:\Vcpkg\vcpkg-master\vcpkg-master\installed\x86-windows\include\google\protobuf\descriptor.h(1864,34): warning C4251: 'google::protobuf::DescriptorPool::tables_': class 'std::unique_ptr<google::protobuf::DescriptorPool::Tables,std::default_delete<google::protobuf::DescriptorPool::Tables>>' needs to have dll-interface to be used by clients of class 'google::protobuf::DescriptorPool'
D:\Vcpkg\vcpkg-master\vcpkg-master\installed\x86-windows\include\google\protobuf\descriptor.h(1864): message : see declaration of 'std::unique_ptr<google::protobuf::DescriptorPool::Tables,std::default_delete<google::protobuf::DescriptorPool::Tables>>'
D:\Vcpkg\vcpkg-master\vcpkg-master\installed\x86-windows\include\google\protobuf\descriptor.h(1871,51): warning C4251: 'google::protobuf::DescriptorPool::unused_import_track_files_': class 'std::set<std::string,std::less<std::string>,std::allocator<std::string>>' needs to have dll-interface to be used by clients of class 'google::protobuf::DescriptorPool'
D:\Vcpkg\vcpkg-master\vcpkg-master\installed\x86-windows\include\google\protobuf\descriptor.h(1871): message : see declaration of 'std::set<std::string,std::less<std::string>,std::allocator<std::string>>'
D:\Vcpkg\vcpkg-master\vcpkg-master\installed\x86-windows\include\google\protobuf\extension_set.h(982,53): warning C4251: 'google::protobuf::internal::RepeatedPrimitiveDefaults::default_repeated_field_int32_': class 'google::protobuf::RepeatedField<google::protobuf::int32>' needs to have dll-interface to be used by clients of class 'google::protobuf::internal::RepeatedPrimitiveDefaults'
D:\Vcpkg\vcpkg-master\vcpkg-master\installed\x86-windows\include\google\protobuf\repeated_field.h(2657): message : see declaration of 'google::protobuf::RepeatedField<google::protobuf::int32>'
D:\Vcpkg\vcpkg-master\vcpkg-master\installed\x86-windows\include\google\protobuf\extension_set.h(983,53): warning C4251: 'google::protobuf::internal::RepeatedPrimitiveDefaults::default_repeated_field_int64_': class 'google::protobuf::RepeatedField<google::protobuf::int64>' needs to have dll-interface to be used by clients of class 'google::protobuf::internal::RepeatedPrimitiveDefaults'
D:\Vcpkg\vcpkg-master\vcpkg-master\installed\x86-windows\include\google\protobuf\repeated_field.h(2659): message : see declaration of 'google::protobuf::RepeatedField<google::protobuf::int64>'
D:\Vcpkg\vcpkg-master\vcpkg-master\installed\x86-windows\include\google\protobuf\extension_set.h(984,55): warning C4251: 'google::protobuf::internal::RepeatedPrimitiveDefaults::default_repeated_field_uint32_': class 'google::protobuf::RepeatedField<google::protobuf::uint32>' needs to have dll-interface to be used by clients of class 'google::protobuf::internal::RepeatedPrimitiveDefaults'
D:\Vcpkg\vcpkg-master\vcpkg-master\installed\x86-windows\include\google\protobuf\repeated_field.h(2658): message : see declaration of 'google::protobuf::RepeatedField<google::protobuf::uint32>'
D:\Vcpkg\vcpkg-master\vcpkg-master\installed\x86-windows\include\google\protobuf\extension_set.h(985,55): warning C4251: 'google::protobuf::internal::RepeatedPrimitiveDefaults::default_repeated_field_uint64_': class 'google::protobuf::RepeatedField<google::protobuf::uint64>' needs to have dll-interface to be used by clients of class 'google::protobuf::internal::RepeatedPrimitiveDefaults'
D:\Vcpkg\vcpkg-master\vcpkg-master\installed\x86-windows\include\google\protobuf\repeated_field.h(2660): message : see declaration of 'google::protobuf::RepeatedField<google::protobuf::uint64>'
D:\Vcpkg\vcpkg-master\vcpkg-master\installed\x86-windows\include\google\protobuf\extension_set.h(986,55): warning C4251: 'google::protobuf::internal::RepeatedPrimitiveDefaults::default_repeated_field_double_': class 'google::protobuf::RepeatedField<double>' needs to have dll-interface to be used by clients of class 'google::protobuf::internal::RepeatedPrimitiveDefaults'
D:\Vcpkg\vcpkg-master\vcpkg-master\installed\x86-windows\include\google\protobuf\repeated_field.h(2662): message : see declaration of 'google::protobuf::RepeatedField<double>'
D:\Vcpkg\vcpkg-master\vcpkg-master\installed\x86-windows\include\google\protobuf\extension_set.h(987,53): warning C4251: 'google::protobuf::internal::RepeatedPrimitiveDefaults::default_repeated_field_float_': class 'google::protobuf::RepeatedField<float>' needs to have dll-interface to be used by clients of class 'google::protobuf::internal::RepeatedPrimitiveDefaults'
D:\Vcpkg\vcpkg-master\vcpkg-master\installed\x86-windows\include\google\protobuf\repeated_field.h(2661): message : see declaration of 'google::protobuf::RepeatedField<float>'
D:\Vcpkg\vcpkg-master\vcpkg-master\installed\x86-windows\include\google\protobuf\extension_set.h(988,51): warning C4251: 'google::protobuf::internal::RepeatedPrimitiveDefaults::default_repeated_field_bool_': class 'google::protobuf::RepeatedField<bool>' needs to have dll-interface to be used by clients of class 'google::protobuf::internal::RepeatedPrimitiveDefaults'
D:\Vcpkg\vcpkg-master\vcpkg-master\installed\x86-windows\include\google\protobuf\repeated_field.h(2656): message : see declaration of 'google::protobuf::RepeatedField<bool>'
D:\Vcpkg\vcpkg-master\vcpkg-master\installed\x86-windows\include\google\protobuf\descriptor.pb.h(50,46): warning C4251: 'TableStruct_google_2fprotobuf_2fdescriptor_2eproto::aux': union 'google::protobuf::internal::AuxillaryParseTableField' needs to have dll-interface to be used by clients of struct 'TableStruct_google_2fprotobuf_2fdescriptor_2eproto'
D:\Vcpkg\vcpkg-master\vcpkg-master\installed\x86-windows\include\google\protobuf\generated_message_table_driven.h(141): message : see declaration of 'google::protobuf::internal::AuxillaryParseTableField'
D:\Vcpkg\vcpkg-master\vcpkg-master\installed\x86-windows\include\google\protobuf\descriptor.pb.h(490,83): warning C4251: 'google::protobuf::FileDescriptorSet::_internal_metadata_': class 'google::protobuf::internal::InternalMetadataWithArena' needs to have dll-interface to be used by clients of class 'google::protobuf::FileDescriptorSet'
D:\Vcpkg\vcpkg-master\vcpkg-master\installed\x86-windows\include\google\protobuf\extension_set.h(83): message : see declaration of 'google::protobuf::internal::InternalMetadataWithArena'
D:\Vcpkg\vcpkg-master\vcpkg-master\installed\x86-windows\include\google\protobuf\descriptor.pb.h(494,59): warning C4251: 'google::protobuf::FileDescriptorSet::_has_bits_': class 'google::protobuf::internal::HasBits<1>' needs to have dll-interface to be used by clients of class 'google::protobuf::FileDescriptorSet'
D:\Vcpkg\vcpkg-master\vcpkg-master\installed\x86-windows\include\google\protobuf\has_bits.h(83): message : see declaration of 'google::protobuf::internal::HasBits<1>'
D:\Vcpkg\vcpkg-master\vcpkg-master\installed\x86-windows\include\google\protobuf\descriptor.pb.h(496,96): warning C4251: 'google::protobuf::FileDescriptorSet::file_': class 'google::protobuf::RepeatedPtrField<google::protobuf::FileDescriptorProto>' needs to have dll-interface to be used by clients of class 'google::protobuf::FileDescriptorSet'
D:\Vcpkg\vcpkg-master\vcpkg-master\installed\x86-windows\include\google\protobuf\descriptor.pb.h(475): message : see declaration of 'google::protobuf::RepeatedPtrField<google::protobuf::FileDescriptorProto>'
D:\Vcpkg\vcpkg-master\vcpkg-master\installed\x86-windows\include\google\protobuf\descriptor.pb.h(914,83): warning C4251: 'google::protobuf::FileDescriptorProto::_internal_metadata_': class 'google::protobuf::internal::InternalMetadataWithArena' needs to have dll-interface to be used by clients of class 'google::protobuf::FileDescriptorProto'
D:\Vcpkg\vcpkg-master\vcpkg-master\installed\x86-windows\include\google\protobuf\extension_set.h(83): message : see declaration of 'google::protobuf::internal::InternalMetadataWithArena'
D:\Vcpkg\vcpkg-master\vcpkg-master\installed\x86-windows\include\google\protobuf\descriptor.pb.h(918,59): warning C4251: 'google::protobuf::FileDescriptorProto::_has_bits_': class 'google::protobuf::internal::HasBits<1>' needs to have dll-interface to be used by clients of class 'google::protobuf::FileDescriptorProto'
D:\Vcpkg\vcpkg-master\vcpkg-master\installed\x86-windows\include\google\protobuf\has_bits.h(83): message : see declaration of 'google::protobuf::internal::HasBits<1>'
D:\Vcpkg\vcpkg-master\vcpkg-master\installed\x86-windows\include\google\protobuf\descriptor.pb.h(920,69): warning C4251: 'google::protobuf::FileDescriptorProto::dependency_': class 'google::protobuf::RepeatedPtrField<std::basic_string<char,std::char_traits<char>,std::allocator<char>>>' needs to have dll-interface to be used by clients of class 'google::protobuf::FileDescriptorProto'
D:\Vcpkg\vcpkg-master\vcpkg-master\installed\x86-windows\include\google\protobuf\repeated_field.h(1920): message : see declaration of 'google::protobuf::RepeatedPtrField<std::basic_string<char,std::char_traits<char>,std::allocator<char>>>'
D:\Vcpkg\vcpkg-master\vcpkg-master\installed\x86-windows\include\google\protobuf\descriptor.pb.h(921,100): warning C4251: 'google::protobuf::FileDescriptorProto::message_type_': class 'google::protobuf::RepeatedPtrField<google::protobuf::DescriptorProto>' needs to have dll-interface to be used by clients of class 'google::protobuf::FileDescriptorProto'
D:\Vcpkg\vcpkg-master\vcpkg-master\installed\x86-windows\include\google\protobuf\descriptor.pb.h(678): message : see declaration of 'google::protobuf::RepeatedPtrField<google::protobuf::DescriptorProto>'
D:\Vcpkg\vcpkg-master\vcpkg-master\installed\x86-windows\include\google\protobuf\descriptor.pb.h(922,101): warning C4251: 'google::protobuf::FileDescriptorProto::enum_type_': class 'google::protobuf::RepeatedPtrField<google::protobuf::EnumDescriptorProto>' needs to have dll-interface to be used by clients of class 'google::protobuf::FileDescriptorProto'
D:\Vcpkg\vcpkg-master\vcpkg-master\installed\x86-windows\include\google\protobuf\descriptor.pb.h(696): message : see declaration of 'google::protobuf::RepeatedPtrField<google::protobuf::EnumDescriptorProto>'
D:\Vcpkg\vcpkg-master\vcpkg-master\installed\x86-windows\include\google\protobuf\descriptor.pb.h(923,102): warning C4251: 'google::protobuf::FileDescriptorProto::service_': class 'google::protobuf::RepeatedPtrField<google::protobuf::ServiceDescriptorProto>' needs to have dll-interface to be used by clients of class 'google::protobuf::FileDescriptorProto'
D:\Vcpkg\vcpkg-master\vcpkg-master\installed\x86-windows\include\google\protobuf\descriptor.pb.h(714): message : see declaration of 'google::protobuf::RepeatedPtrField<google::protobuf::ServiceDescriptorProto>'
D:\Vcpkg\vcpkg-master\vcpkg-master\installed\x86-windows\include\google\protobuf\descriptor.pb.h(924,102): warning C4251: 'google::protobuf::FileDescriptorProto::extension_': class 'google::protobuf::RepeatedPtrField<google::protobuf::FieldDescriptorProto>' needs to have dll-interface to be used by clients of class 'google::protobuf::FileDescriptorProto'
D:\Vcpkg\vcpkg-master\vcpkg-master\installed\x86-windows\include\google\protobuf\descriptor.pb.h(732): message : see declaration of 'google::protobuf::RepeatedPtrField<google::protobuf::FieldDescriptorProto>'
D:\Vcpkg\vcpkg-master\vcpkg-master\installed\x86-windows\include\google\protobuf\descriptor.pb.h(925,94): warning C4251: 'google::protobuf::FileDescriptorProto::public_dependency_': class 'google::protobuf::RepeatedField<google::protobuf::int32>' needs to have dll-interface to be used by clients of class 'google::protobuf::FileDescriptorProto'
D:\Vcpkg\vcpkg-master\vcpkg-master\installed\x86-windows\include\google\protobuf\repeated_field.h(2657): message : see declaration of 'google::protobuf::RepeatedField<google::protobuf::int32>'
D:\Vcpkg\vcpkg-master\vcpkg-master\installed\x86-windows\include\google\protobuf\descriptor.pb.h(926,92): warning C4251: 'google::protobuf::FileDescriptorProto::weak_dependency_': class 'google::protobuf::RepeatedField<google::protobuf::int32>' needs to have dll-interface to be used by clients of class 'google::protobuf::FileDescriptorProto'
D:\Vcpkg\vcpkg-master\vcpkg-master\installed\x86-windows\include\google\protobuf\repeated_field.h(2657): message : see declaration of 'google::protobuf::RepeatedField<google::protobuf::int32>'
D:\Vcpkg\vcpkg-master\vcpkg-master\installed\x86-windows\include\google\protobuf\descriptor.pb.h(1121,83): warning C4251: 'google::protobuf::DescriptorProto_ExtensionRange::_internal_metadata_': class 'google::protobuf::internal::InternalMetadataWithArena' needs to have dll-interface to be used by clients of class 'google::protobuf::DescriptorProto_ExtensionRange'
D:\Vcpkg\vcpkg-master\vcpkg-master\installed\x86-windows\include\google\protobuf\extension_set.h(83): message : see declaration of 'google::protobuf::internal::InternalMetadataWithArena'
D:\Vcpkg\vcpkg-master\vcpkg-master\installed\x86-windows\include\google\protobuf\descriptor.pb.h(1125,59): warning C4251: 'google::protobuf::DescriptorProto_ExtensionRange::_has_bits_': class 'google::protobuf::internal::HasBits<1>' needs to have dll-interface to be used by clients of class 'google::protobuf::DescriptorProto_ExtensionRange'
D:\Vcpkg\vcpkg-master\vcpkg-master\installed\x86-windows\include\google\protobuf\has_bits.h(83): message : see declaration of 'google::protobuf::internal::HasBits<1>'
D:\Vcpkg\vcpkg-master\vcpkg-master\installed\x86-windows\include\google\protobuf\descriptor.pb.h(1300,83): warning C4251: 'google::protobuf::DescriptorProto_ReservedRange::_internal_metadata_': class 'google::protobuf::internal::InternalMetadataWithArena' needs to have dll-interface to be used by clients of class 'google::protobuf::DescriptorProto_ReservedRange'
D:\Vcpkg\vcpkg-master\vcpkg-master\installed\x86-windows\include\google\protobuf\extension_set.h(83): message : see declaration of 'google::protobuf::internal::InternalMetadataWithArena'
D:\Vcpkg\vcpkg-master\vcpkg-master\installed\x86-windows\include\google\protobuf\descriptor.pb.h(1304,59): warning C4251: 'google::protobuf::DescriptorProto_ReservedRange::_has_bits_': class 'google::protobuf::internal::HasBits<1>' needs to have dll-interface to be used by clients of class 'google::protobuf::DescriptorProto_ReservedRange'
D:\Vcpkg\vcpkg-master\vcpkg-master\installed\x86-windows\include\google\protobuf\has_bits.h(83): message : see declaration of 'google::protobuf::internal::HasBits<1>'
D:\Vcpkg\vcpkg-master\vcpkg-master\installed\x86-windows\include\google\protobuf\descriptor.pb.h(1660,83): warning C4251: 'google::protobuf::DescriptorProto::_internal_metadata_': class 'google::protobuf::internal::InternalMetadataWithArena' needs to have dll-interface to be used by clients of class 'google::protobuf::DescriptorProto'
D:\Vcpkg\vcpkg-master\vcpkg-master\installed\x86-windows\include\google\protobuf\extension_set.h(83): message : see declaration of 'google::protobuf::internal::InternalMetadataWithArena'
D:\Vcpkg\vcpkg-master\vcpkg-master\installed\x86-windows\include\google\protobuf\descriptor.pb.h(1664,59): warning C4251: 'google::protobuf::DescriptorProto::_has_bits_': class 'google::protobuf::internal::HasBits<1>' needs to have dll-interface to be used by clients of class 'google::protobuf::DescriptorProto'
D:\Vcpkg\vcpkg-master\vcpkg-master\installed\x86-windows\include\google\protobuf\has_bits.h(83): message : see declaration of 'google::protobuf::internal::HasBits<1>'
D:\Vcpkg\vcpkg-master\vcpkg-master\installed\x86-windows\include\google\protobuf\descriptor.pb.h(1666,98): warning C4251: 'google::protobuf::DescriptorProto::field_': class 'google::protobuf::RepeatedPtrField<google::protobuf::FieldDescriptorProto>' needs to have dll-interface to be used by clients of class 'google::protobuf::DescriptorProto'
D:\Vcpkg\vcpkg-master\vcpkg-master\installed\x86-windows\include\google\protobuf\descriptor.pb.h(732): message : see declaration of 'google::protobuf::RepeatedPtrField<google::protobuf::FieldDescriptorProto>'
D:\Vcpkg\vcpkg-master\vcpkg-master\installed\x86-windows\include\google\protobuf\descriptor.pb.h(1667,99): warning C4251: 'google::protobuf::DescriptorProto::nested_type_': class 'google::protobuf::RepeatedPtrField<google::protobuf::DescriptorProto>' needs to have dll-interface to be used by clients of class 'google::protobuf::DescriptorProto'
D:\Vcpkg\vcpkg-master\vcpkg-master\installed\x86-windows\include\google\protobuf\descriptor.pb.h(678): message : see declaration of 'google::protobuf::RepeatedPtrField<google::protobuf::DescriptorProto>'
D:\Vcpkg\vcpkg-master\vcpkg-master\installed\x86-windows\include\google\protobuf\descriptor.pb.h(1668,101): warning C4251: 'google::protobuf::DescriptorProto::enum_type_': class 'google::protobuf::RepeatedPtrField<google::protobuf::EnumDescriptorProto>' needs to have dll-interface to be used by clients of class 'google::protobuf::DescriptorProto'
D:\Vcpkg\vcpkg-master\vcpkg-master\installed\x86-windows\include\google\protobuf\descriptor.pb.h(696): message : see declaration of 'google::protobuf::RepeatedPtrField<google::protobuf::EnumDescriptorProto>'
D:\Vcpkg\vcpkg-master\vcpkg-master\installed\x86-windows\include\google\protobuf\descriptor.pb.h(1669,118): warning C4251: 'google::protobuf::DescriptorProto::extension_range_': class 'google::protobuf::RepeatedPtrField<google::protobuf::DescriptorProto_ExtensionRange>' needs to have dll-interface to be used by clients of class 'google::protobuf::DescriptorProto'
D:\Vcpkg\vcpkg-master\vcpkg-master\installed\x86-windows\include\google\protobuf\descriptor.pb.h(1520): message : see declaration of 'google::protobuf::RepeatedPtrField<google::protobuf::DescriptorProto_ExtensionRange>'
D:\Vcpkg\vcpkg-master\vcpkg-master\installed\x86-windows\include\google\protobuf\descriptor.pb.h(1670,102): warning C4251: 'google::protobuf::DescriptorProto::extension_': class 'google::protobuf::RepeatedPtrField<google::protobuf::FieldDescriptorProto>' needs to have dll-interface to be used by clients of class 'google::protobuf::DescriptorProto'
D:\Vcpkg\vcpkg-master\vcpkg-master\installed\x86-windows\include\google\protobuf\descriptor.pb.h(732): message : see declaration of 'google::protobuf::RepeatedPtrField<google::protobuf::FieldDescriptorProto>'
D:\Vcpkg\vcpkg-master\vcpkg-master\installed\x86-windows\include\google\protobuf\descriptor.pb.h(1671,103): warning C4251: 'google::protobuf::DescriptorProto::oneof_decl_': class 'google::protobuf::RepeatedPtrField<google::protobuf::OneofDescriptorProto>' needs to have dll-interface to be used by clients of class 'google::protobuf::DescriptorProto'
D:\Vcpkg\vcpkg-master\vcpkg-master\installed\x86-windows\include\google\protobuf\descriptor.pb.h(1556): message : see declaration of 'google::protobuf::RepeatedPtrField<google::protobuf::OneofDescriptorProto>'
D:\Vcpkg\vcpkg-master\vcpkg-master\installed\x86-windows\include\google\protobuf\descriptor.pb.h(1672,116): warning C4251: 'google::protobuf::DescriptorProto::reserved_range_': class 'google::protobuf::RepeatedPtrField<google::protobuf::DescriptorProto_ReservedRange>' needs to have dll-interface to be used by clients of class 'google::protobuf::DescriptorProto'
D:\Vcpkg\vcpkg-master\vcpkg-master\installed\x86-windows\include\google\protobuf\descriptor.pb.h(1574): message : see declaration of 'google::protobuf::RepeatedPtrField<google::protobuf::DescriptorProto_ReservedRange>'
D:\Vcpkg\vcpkg-master\vcpkg-master\installed\x86-windows\include\google\protobuf\descriptor.pb.h(1673,72): warning C4251: 'google::protobuf::DescriptorProto::reserved_name_': class 'google::protobuf::RepeatedPtrField<std::basic_string<char,std::char_traits<char>,std::allocator<char>>>' needs to have dll-interface to be used by clients of class 'google::protobuf::DescriptorProto'
D:\Vcpkg\vcpkg-master\vcpkg-master\installed\x86-windows\include\google\protobuf\repeated_field.h(1920): message : see declaration of 'google::protobuf::RepeatedPtrField<std::basic_string<char,std::char_traits<char>,std::allocator<char>>>'
D:\Vcpkg\vcpkg-master\vcpkg-master\installed\x86-windows\include\google\protobuf\descriptor.pb.h(1840,83): warning C4251: 'google::protobuf::ExtensionRangeOptions::_internal_metadata_': class 'google::protobuf::internal::InternalMetadataWithArena' needs to have dll-interface to be used by clients of class 'google::protobuf::ExtensionRangeOptions'
D:\Vcpkg\vcpkg-master\vcpkg-master\installed\x86-windows\include\google\protobuf\extension_set.h(83): message : see declaration of 'google::protobuf::internal::InternalMetadataWithArena'
D:\Vcpkg\vcpkg-master\vcpkg-master\installed\x86-windows\include\google\protobuf\descriptor.pb.h(1844,59): warning C4251: 'google::protobuf::ExtensionRangeOptions::_has_bits_': class 'google::protobuf::internal::HasBits<1>' needs to have dll-interface to be used by clients of class 'google::protobuf::ExtensionRangeOptions'
D:\Vcpkg\vcpkg-master\vcpkg-master\installed\x86-windows\include\google\protobuf\has_bits.h(83): message : see declaration of 'google::protobuf::internal::HasBits<1>'
D:\Vcpkg\vcpkg-master\vcpkg-master\installed\x86-windows\include\google\protobuf\descriptor.pb.h(1846,112): warning C4251: 'google::protobuf::ExtensionRangeOptions::uninterpreted_option_': class 'google::protobuf::RepeatedPtrField<google::protobuf::UninterpretedOption>' needs to have dll-interface to be used by clients of class 'google::protobuf::ExtensionRangeOptions'
D:\Vcpkg\vcpkg-master\vcpkg-master\installed\x86-windows\include\google\protobuf\descriptor.pb.h(1822): message : see declaration of 'google::protobuf::RepeatedPtrField<google::protobuf::UninterpretedOption>'
D:\Vcpkg\vcpkg-master\vcpkg-master\installed\x86-windows\include\google\protobuf\descriptor.pb.h(2308,83): warning C4251: 'google::protobuf::FieldDescriptorProto::_internal_metadata_': class 'google::protobuf::internal::InternalMetadataWithArena' needs to have dll-interface to be used by clients of class 'google::protobuf::FieldDescriptorProto'
D:\Vcpkg\vcpkg-master\vcpkg-master\installed\x86-windows\include\google\protobuf\extension_set.h(83): message : see declaration of 'google::protobuf::internal::InternalMetadataWithArena'
D:\Vcpkg\vcpkg-master\vcpkg-master\installed\x86-windows\include\google\protobuf\descriptor.pb.h(2312,59): warning C4251: 'google::protobuf::FieldDescriptorProto::_has_bits_': class 'google::protobuf::internal::HasBits<1>' needs to have dll-interface to be used by clients of class 'google::protobuf::FieldDescriptorProto'
D:\Vcpkg\vcpkg-master\vcpkg-master\installed\x86-windows\include\google\protobuf\has_bits.h(83): message : see declaration of 'google::protobuf::internal::HasBits<1>'
D:\Vcpkg\vcpkg-master\vcpkg-master\installed\x86-windows\include\google\protobuf\descriptor.pb.h(2515,83): warning C4251: 'google::protobuf::OneofDescriptorProto::_internal_metadata_': class 'google::protobuf::internal::InternalMetadataWithArena' needs to have dll-interface to be used by clients of class 'google::protobuf::OneofDescriptorProto'
D:\Vcpkg\vcpkg-master\vcpkg-master\installed\x86-windows\include\google\protobuf\extension_set.h(83): message : see declaration of 'google::protobuf::internal::InternalMetadataWithArena'
D:\Vcpkg\vcpkg-master\vcpkg-master\installed\x86-windows\include\google\protobuf\descriptor.pb.h(2519,59): warning C4251: 'google::protobuf::OneofDescriptorProto::_has_bits_': class 'google::protobuf::internal::HasBits<1>' needs to have dll-interface to be used by clients of class 'google::protobuf::OneofDescriptorProto'
D:\Vcpkg\vcpkg-master\vcpkg-master\installed\x86-windows\include\google\protobuf\has_bits.h(83): message : see declaration of 'google::protobuf::internal::HasBits<1>'
D:\Vcpkg\vcpkg-master\vcpkg-master\installed\x86-windows\include\google\protobuf\descriptor.pb.h(2693,83): warning C4251: 'google::protobuf::EnumDescriptorProto_EnumReservedRange::_internal_metadata_': class 'google::protobuf::internal::InternalMetadataWithArena' needs to have dll-interface to be used by clients of class 'google::protobuf::EnumDescriptorProto_EnumReservedRange'
D:\Vcpkg\vcpkg-master\vcpkg-master\installed\x86-windows\include\google\protobuf\extension_set.h(83): message : see declaration of 'google::protobuf::internal::InternalMetadataWithArena'
D:\Vcpkg\vcpkg-master\vcpkg-master\installed\x86-windows\include\google\protobuf\descriptor.pb.h(2697,59): warning C4251: 'google::protobuf::EnumDescriptorProto_EnumReservedRange::_has_bits_': class 'google::protobuf::internal::HasBits<1>' needs to have dll-interface to be used by clients of class 'google::protobuf::EnumDescriptorProto_EnumReservedRange'
D:\Vcpkg\vcpkg-master\vcpkg-master\installed\x86-windows\include\google\protobuf\has_bits.h(83): message : see declaration of 'google::protobuf::internal::HasBits<1>'
D:\Vcpkg\vcpkg-master\vcpkg-master\installed\x86-windows\include\google\protobuf\descriptor.pb.h(2957,83): warning C4251: 'google::protobuf::EnumDescriptorProto::_internal_metadata_': class 'google::protobuf::internal::InternalMetadataWithArena' needs to have dll-interface to be used by clients of class 'google::protobuf::EnumDescriptorProto'
D:\Vcpkg\vcpkg-master\vcpkg-master\installed\x86-windows\include\google\protobuf\extension_set.h(83): message : see declaration of 'google::protobuf::internal::InternalMetadataWithArena'
D:\Vcpkg\vcpkg-master\vcpkg-master\installed\x86-windows\include\google\protobuf\descriptor.pb.h(2961,59): warning C4251: 'google::protobuf::EnumDescriptorProto::_has_bits_': class 'google::protobuf::internal::HasBits<1>' needs to have dll-interface to be used by clients of class 'google::protobuf::EnumDescriptorProto'
D:\Vcpkg\vcpkg-master\vcpkg-master\installed\x86-windows\include\google\protobuf\has_bits.h(83): message : see declaration of 'google::protobuf::internal::HasBits<1>'
D:\Vcpkg\vcpkg-master\vcpkg-master\installed\x86-windows\include\google\protobuf\descriptor.pb.h(2963,102): warning C4251: 'google::protobuf::EnumDescriptorProto::value_': class 'google::protobuf::RepeatedPtrField<google::protobuf::EnumValueDescriptorProto>' needs to have dll-interface to be used by clients of class 'google::protobuf::EnumDescriptorProto'
D:\Vcpkg\vcpkg-master\vcpkg-master\installed\x86-windows\include\google\protobuf\descriptor.pb.h(2853): message : see declaration of 'google::protobuf::RepeatedPtrField<google::protobuf::EnumValueDescriptorProto>'
D:\Vcpkg\vcpkg-master\vcpkg-master\installed\x86-windows\include\google\protobuf\descriptor.pb.h(2964,124): warning C4251: 'google::protobuf::EnumDescriptorProto::reserved_range_': class 'google::protobuf::RepeatedPtrField<google::protobuf::EnumDescriptorProto_EnumReservedRange>' needs to have dll-interface to be used by clients of class 'google::protobuf::EnumDescriptorProto'
D:\Vcpkg\vcpkg-master\vcpkg-master\installed\x86-windows\include\google\protobuf\descriptor.pb.h(2871): message : see declaration of 'google::protobuf::RepeatedPtrField<google::protobuf::EnumDescriptorProto_EnumReservedRange>'
D:\Vcpkg\vcpkg-master\vcpkg-master\installed\x86-windows\include\google\protobuf\descriptor.pb.h(2965,72): warning C4251: 'google::protobuf::EnumDescriptorProto::reserved_name_': class 'google::protobuf::RepeatedPtrField<std::basic_string<char,std::char_traits<char>,std::allocator<char>>>' needs to have dll-interface to be used by clients of class 'google::protobuf::EnumDescriptorProto'
D:\Vcpkg\vcpkg-master\vcpkg-master\installed\x86-windows\include\google\protobuf\repeated_field.h(1920): message : see declaration of 'google::protobuf::RepeatedPtrField<std::basic_string<char,std::char_traits<char>,std::allocator<char>>>'
D:\Vcpkg\vcpkg-master\vcpkg-master\installed\x86-windows\include\google\protobuf\descriptor.pb.h(3173,83): warning C4251: 'google::protobuf::EnumValueDescriptorProto::_internal_metadata_': class 'google::protobuf::internal::InternalMetadataWithArena' needs to have dll-interface to be used by clients of class 'google::protobuf::EnumValueDescriptorProto'
D:\Vcpkg\vcpkg-master\vcpkg-master\installed\x86-windows\include\google\protobuf\extension_set.h(83): message : see declaration of 'google::protobuf::internal::InternalMetadataWithArena'
D:\Vcpkg\vcpkg-master\vcpkg-master\installed\x86-windows\include\google\protobuf\descriptor.pb.h(3177,59): warning C4251: 'google::protobuf::EnumValueDescriptorProto::_has_bits_': class 'google::protobuf::internal::HasBits<1>' needs to have dll-interface to be used by clients of class 'google::protobuf::EnumValueDescriptorProto'
D:\Vcpkg\vcpkg-master\vcpkg-master\installed\x86-windows\include\google\protobuf\has_bits.h(83): message : see declaration of 'google::protobuf::internal::HasBits<1>'
D:\Vcpkg\vcpkg-master\vcpkg-master\installed\x86-windows\include\google\protobuf\descriptor.pb.h(3392,83): warning C4251: 'google::protobuf::ServiceDescriptorProto::_internal_metadata_': class 'google::protobuf::internal::InternalMetadataWithArena' needs to have dll-interface to be used by clients of class 'google::protobuf::ServiceDescriptorProto'
D:\Vcpkg\vcpkg-master\vcpkg-master\installed\x86-windows\include\google\protobuf\extension_set.h(83): message : see declaration of 'google::protobuf::internal::InternalMetadataWithArena'
D:\Vcpkg\vcpkg-master\vcpkg-master\installed\x86-windows\include\google\protobuf\descriptor.pb.h(3396,59): warning C4251: 'google::protobuf::ServiceDescriptorProto::_has_bits_': class 'google::protobuf::internal::HasBits<1>' needs to have dll-interface to be used by clients of class 'google::protobuf::ServiceDescriptorProto'
D:\Vcpkg\vcpkg-master\vcpkg-master\installed\x86-windows\include\google\protobuf\has_bits.h(83): message : see declaration of 'google::protobuf::internal::HasBits<1>'
D:\Vcpkg\vcpkg-master\vcpkg-master\installed\x86-windows\include\google\protobuf\descriptor.pb.h(3398,100): warning C4251: 'google::protobuf::ServiceDescriptorProto::method_': class 'google::protobuf::RepeatedPtrField<google::protobuf::MethodDescriptorProto>' needs to have dll-interface to be used by clients of class 'google::protobuf::ServiceDescriptorProto'
D:\Vcpkg\vcpkg-master\vcpkg-master\installed\x86-windows\include\google\protobuf\descriptor.pb.h(3330): message : see declaration of 'google::protobuf::RepeatedPtrField<google::protobuf::MethodDescriptorProto>'
D:\Vcpkg\vcpkg-master\vcpkg-master\installed\x86-windows\include\google\protobuf\descriptor.pb.h(3680,83): warning C4251: 'google::protobuf::MethodDescriptorProto::_internal_metadata_': class 'google::protobuf::internal::InternalMetadataWithArena' needs to have dll-interface to be used by clients of class 'google::protobuf::MethodDescriptorProto'
D:\Vcpkg\vcpkg-master\vcpkg-master\installed\x86-windows\include\google\protobuf\extension_set.h(83): message : see declaration of 'google::protobuf::internal::InternalMetadataWithArena'
D:\Vcpkg\vcpkg-master\vcpkg-master\installed\x86-windows\include\google\protobuf\descriptor.pb.h(3684,59): warning C4251: 'google::protobuf::MethodDescriptorProto::_has_bits_': class 'google::protobuf::internal::HasBits<1>' needs to have dll-interface to be used by clients of class 'google::protobuf::MethodDescriptorProto'
D:\Vcpkg\vcpkg-master\vcpkg-master\installed\x86-windows\include\google\protobuf\has_bits.h(83): message : see declaration of 'google::protobuf::internal::HasBits<1>'
D:\Vcpkg\vcpkg-master\vcpkg-master\installed\x86-windows\include\google\protobuf\descriptor.pb.h(4328,83): warning C4251: 'google::protobuf::FileOptions::_internal_metadata_': class 'google::protobuf::internal::InternalMetadataWithArena' needs to have dll-interface to be used by clients of class 'google::protobuf::FileOptions'
D:\Vcpkg\vcpkg-master\vcpkg-master\installed\x86-windows\include\google\protobuf\extension_set.h(83): message : see declaration of 'google::protobuf::internal::InternalMetadataWithArena'
D:\Vcpkg\vcpkg-master\vcpkg-master\installed\x86-windows\include\google\protobuf\descriptor.pb.h(4332,59): warning C4251: 'google::protobuf::FileOptions::_has_bits_': class 'google::protobuf::internal::HasBits<1>' needs to have dll-interface to be used by clients of class 'google::protobuf::FileOptions'
D:\Vcpkg\vcpkg-master\vcpkg-master\installed\x86-windows\include\google\protobuf\has_bits.h(83): message : see declaration of 'google::protobuf::internal::HasBits<1>'
D:\Vcpkg\vcpkg-master\vcpkg-master\installed\x86-windows\include\google\protobuf\descriptor.pb.h(4334,112): warning C4251: 'google::protobuf::FileOptions::uninterpreted_option_': class 'google::protobuf::RepeatedPtrField<google::protobuf::UninterpretedOption>' needs to have dll-interface to be used by clients of class 'google::protobuf::FileOptions'
D:\Vcpkg\vcpkg-master\vcpkg-master\installed\x86-windows\include\google\protobuf\descriptor.pb.h(1822): message : see declaration of 'google::protobuf::RepeatedPtrField<google::protobuf::UninterpretedOption>'
D:\Vcpkg\vcpkg-master\vcpkg-master\installed\x86-windows\include\google\protobuf\descriptor.pb.h(4575,83): warning C4251: 'google::protobuf::MessageOptions::_internal_metadata_': class 'google::protobuf::internal::InternalMetadataWithArena' needs to have dll-interface to be used by clients of class 'google::protobuf::MessageOptions'
D:\Vcpkg\vcpkg-master\vcpkg-master\installed\x86-windows\include\google\protobuf\extension_set.h(83): message : see declaration of 'google::protobuf::internal::InternalMetadataWithArena'
D:\Vcpkg\vcpkg-master\vcpkg-master\installed\x86-windows\include\google\protobuf\descriptor.pb.h(4579,59): warning C4251: 'google::protobuf::MessageOptions::_has_bits_': class 'google::protobuf::internal::HasBits<1>' needs to have dll-interface to be used by clients of class 'google::protobuf::MessageOptions'
D:\Vcpkg\vcpkg-master\vcpkg-master\installed\x86-windows\include\google\protobuf\has_bits.h(83): message : see declaration of 'google::protobuf::internal::HasBits<1>'
D:\Vcpkg\vcpkg-master\vcpkg-master\installed\x86-windows\include\google\protobuf\descriptor.pb.h(4581,112): warning C4251: 'google::protobuf::MessageOptions::uninterpreted_option_': class 'google::protobuf::RepeatedPtrField<google::protobuf::UninterpretedOption>' needs to have dll-interface to be used by clients of class 'google::protobuf::MessageOptions'
D:\Vcpkg\vcpkg-master\vcpkg-master\installed\x86-windows\include\google\protobuf\descriptor.pb.h(1822): message : see declaration of 'google::protobuf::RepeatedPtrField<google::protobuf::UninterpretedOption>'
D:\Vcpkg\vcpkg-master\vcpkg-master\installed\x86-windows\include\google\protobuf\descriptor.pb.h(4898,83): warning C4251: 'google::protobuf::FieldOptions::_internal_metadata_': class 'google::protobuf::internal::InternalMetadataWithArena' needs to have dll-interface to be used by clients of class 'google::protobuf::FieldOptions'
D:\Vcpkg\vcpkg-master\vcpkg-master\installed\x86-windows\include\google\protobuf\extension_set.h(83): message : see declaration of 'google::protobuf::internal::InternalMetadataWithArena'
D:\Vcpkg\vcpkg-master\vcpkg-master\installed\x86-windows\include\google\protobuf\descriptor.pb.h(4902,59): warning C4251: 'google::protobuf::FieldOptions::_has_bits_': class 'google::protobuf::internal::HasBits<1>' needs to have dll-interface to be used by clients of class 'google::protobuf::FieldOptions'
D:\Vcpkg\vcpkg-master\vcpkg-master\installed\x86-windows\include\google\protobuf\has_bits.h(83): message : see declaration of 'google::protobuf::internal::HasBits<1>'
D:\Vcpkg\vcpkg-master\vcpkg-master\installed\x86-windows\include\google\protobuf\descriptor.pb.h(4904,112): warning C4251: 'google::protobuf::FieldOptions::uninterpreted_option_': class 'google::protobuf::RepeatedPtrField<google::protobuf::UninterpretedOption>' needs to have dll-interface to be used by clients of class 'google::protobuf::FieldOptions'
D:\Vcpkg\vcpkg-master\vcpkg-master\installed\x86-windows\include\google\protobuf\descriptor.pb.h(1822): message : see declaration of 'google::protobuf::RepeatedPtrField<google::protobuf::UninterpretedOption>'
D:\Vcpkg\vcpkg-master\vcpkg-master\installed\x86-windows\include\google\protobuf\descriptor.pb.h(5075,83): warning C4251: 'google::protobuf::OneofOptions::_internal_metadata_': class 'google::protobuf::internal::InternalMetadataWithArena' needs to have dll-interface to be used by clients of class 'google::protobuf::OneofOptions'
D:\Vcpkg\vcpkg-master\vcpkg-master\installed\x86-windows\include\google\protobuf\extension_set.h(83): message : see declaration of 'google::protobuf::internal::InternalMetadataWithArena'
D:\Vcpkg\vcpkg-master\vcpkg-master\installed\x86-windows\include\google\protobuf\descriptor.pb.h(5079,59): warning C4251: 'google::protobuf::OneofOptions::_has_bits_': class 'google::protobuf::internal::HasBits<1>' needs to have dll-interface to be used by clients of class 'google::protobuf::OneofOptions'
D:\Vcpkg\vcpkg-master\vcpkg-master\installed\x86-windows\include\google\protobuf\has_bits.h(83): message : see declaration of 'google::protobuf::internal::HasBits<1>'
D:\Vcpkg\vcpkg-master\vcpkg-master\installed\x86-windows\include\google\protobuf\descriptor.pb.h(5081,112): warning C4251: 'google::protobuf::OneofOptions::uninterpreted_option_': class 'google::protobuf::RepeatedPtrField<google::protobuf::UninterpretedOption>' needs to have dll-interface to be used by clients of class 'google::protobuf::OneofOptions'
D:\Vcpkg\vcpkg-master\vcpkg-master\installed\x86-windows\include\google\protobuf\descriptor.pb.h(1822): message : see declaration of 'google::protobuf::RepeatedPtrField<google::protobuf::UninterpretedOption>'
D:\Vcpkg\vcpkg-master\vcpkg-master\installed\x86-windows\include\google\protobuf\descriptor.pb.h(5274,83): warning C4251: 'google::protobuf::EnumOptions::_internal_metadata_': class 'google::protobuf::internal::InternalMetadataWithArena' needs to have dll-interface to be used by clients of class 'google::protobuf::EnumOptions'
D:\Vcpkg\vcpkg-master\vcpkg-master\installed\x86-windows\include\google\protobuf\extension_set.h(83): message : see declaration of 'google::protobuf::internal::InternalMetadataWithArena'
D:\Vcpkg\vcpkg-master\vcpkg-master\installed\x86-windows\include\google\protobuf\descriptor.pb.h(5278,59): warning C4251: 'google::protobuf::EnumOptions::_has_bits_': class 'google::protobuf::internal::HasBits<1>' needs to have dll-interface to be used by clients of class 'google::protobuf::EnumOptions'
D:\Vcpkg\vcpkg-master\vcpkg-master\installed\x86-windows\include\google\protobuf\has_bits.h(83): message : see declaration of 'google::protobuf::internal::HasBits<1>'
D:\Vcpkg\vcpkg-master\vcpkg-master\installed\x86-windows\include\google\protobuf\descriptor.pb.h(5280,112): warning C4251: 'google::protobuf::EnumOptions::uninterpreted_option_': class 'google::protobuf::RepeatedPtrField<google::protobuf::UninterpretedOption>' needs to have dll-interface to be used by clients of class 'google::protobuf::EnumOptions'
D:\Vcpkg\vcpkg-master\vcpkg-master\installed\x86-windows\include\google\protobuf\descriptor.pb.h(1822): message : see declaration of 'google::protobuf::RepeatedPtrField<google::protobuf::UninterpretedOption>'
D:\Vcpkg\vcpkg-master\vcpkg-master\installed\x86-windows\include\google\protobuf\descriptor.pb.h(5461,83): warning C4251: 'google::protobuf::EnumValueOptions::_internal_metadata_': class 'google::protobuf::internal::InternalMetadataWithArena' needs to have dll-interface to be used by clients of class 'google::protobuf::EnumValueOptions'
D:\Vcpkg\vcpkg-master\vcpkg-master\installed\x86-windows\include\google\protobuf\extension_set.h(83): message : see declaration of 'google::protobuf::internal::InternalMetadataWithArena'
D:\Vcpkg\vcpkg-master\vcpkg-master\installed\x86-windows\include\google\protobuf\descriptor.pb.h(5465,59): warning C4251: 'google::protobuf::EnumValueOptions::_has_bits_': class 'google::protobuf::internal::HasBits<1>' needs to have dll-interface to be used by clients of class 'google::protobuf::EnumValueOptions'
D:\Vcpkg\vcpkg-master\vcpkg-master\installed\x86-windows\include\google\protobuf\has_bits.h(83): message : see declaration of 'google::protobuf::internal::HasBits<1>'
D:\Vcpkg\vcpkg-master\vcpkg-master\installed\x86-windows\include\google\protobuf\descriptor.pb.h(5467,112): warning C4251: 'google::protobuf::EnumValueOptions::uninterpreted_option_': class 'google::protobuf::RepeatedPtrField<google::protobuf::UninterpretedOption>' needs to have dll-interface to be used by clients of class 'google::protobuf::EnumValueOptions'
D:\Vcpkg\vcpkg-master\vcpkg-master\installed\x86-windows\include\google\protobuf\descriptor.pb.h(1822): message : see declaration of 'google::protobuf::RepeatedPtrField<google::protobuf::UninterpretedOption>'
D:\Vcpkg\vcpkg-master\vcpkg-master\installed\x86-windows\include\google\protobuf\descriptor.pb.h(5647,83): warning C4251: 'google::protobuf::ServiceOptions::_internal_metadata_': class 'google::protobuf::internal::InternalMetadataWithArena' needs to have dll-interface to be used by clients of class 'google::protobuf::ServiceOptions'
D:\Vcpkg\vcpkg-master\vcpkg-master\installed\x86-windows\include\google\protobuf\extension_set.h(83): message : see declaration of 'google::protobuf::internal::InternalMetadataWithArena'
D:\Vcpkg\vcpkg-master\vcpkg-master\installed\x86-windows\include\google\protobuf\descriptor.pb.h(5651,59): warning C4251: 'google::protobuf::ServiceOptions::_has_bits_': class 'google::protobuf::internal::HasBits<1>' needs to have dll-interface to be used by clients of class 'google::protobuf::ServiceOptions'
D:\Vcpkg\vcpkg-master\vcpkg-master\installed\x86-windows\include\google\protobuf\has_bits.h(83): message : see declaration of 'google::protobuf::internal::HasBits<1>'
D:\Vcpkg\vcpkg-master\vcpkg-master\installed\x86-windows\include\google\protobuf\descriptor.pb.h(5653,112): warning C4251: 'google::protobuf::ServiceOptions::uninterpreted_option_': class 'google::protobuf::RepeatedPtrField<google::protobuf::UninterpretedOption>' needs to have dll-interface to be used by clients of class 'google::protobuf::ServiceOptions'
D:\Vcpkg\vcpkg-master\vcpkg-master\installed\x86-windows\include\google\protobuf\descriptor.pb.h(1822): message : see declaration of 'google::protobuf::RepeatedPtrField<google::protobuf::UninterpretedOption>'
D:\Vcpkg\vcpkg-master\vcpkg-master\installed\x86-windows\include\google\protobuf\descriptor.pb.h(5879,83): warning C4251: 'google::protobuf::MethodOptions::_internal_metadata_': class 'google::protobuf::internal::InternalMetadataWithArena' needs to have dll-interface to be used by clients of class 'google::protobuf::MethodOptions'
D:\Vcpkg\vcpkg-master\vcpkg-master\installed\x86-windows\include\google\protobuf\extension_set.h(83): message : see declaration of 'google::protobuf::internal::InternalMetadataWithArena'
D:\Vcpkg\vcpkg-master\vcpkg-master\installed\x86-windows\include\google\protobuf\descriptor.pb.h(5883,59): warning C4251: 'google::protobuf::MethodOptions::_has_bits_': class 'google::protobuf::internal::HasBits<1>' needs to have dll-interface to be used by clients of class 'google::protobuf::MethodOptions'
D:\Vcpkg\vcpkg-master\vcpkg-master\installed\x86-windows\include\google\protobuf\has_bits.h(83): message : see declaration of 'google::protobuf::internal::HasBits<1>'
D:\Vcpkg\vcpkg-master\vcpkg-master\installed\x86-windows\include\google\protobuf\descriptor.pb.h(5885,112): warning C4251: 'google::protobuf::MethodOptions::uninterpreted_option_': class 'google::protobuf::RepeatedPtrField<google::protobuf::UninterpretedOption>' needs to have dll-interface to be used by clients of class 'google::protobuf::MethodOptions'
D:\Vcpkg\vcpkg-master\vcpkg-master\installed\x86-windows\include\google\protobuf\descriptor.pb.h(1822): message : see declaration of 'google::protobuf::RepeatedPtrField<google::protobuf::UninterpretedOption>'
D:\Vcpkg\vcpkg-master\vcpkg-master\installed\x86-windows\include\google\protobuf\descriptor.pb.h(6077,83): warning C4251: 'google::protobuf::UninterpretedOption_NamePart::_internal_metadata_': class 'google::protobuf::internal::InternalMetadataWithArena' needs to have dll-interface to be used by clients of class 'google::protobuf::UninterpretedOption_NamePart'
D:\Vcpkg\vcpkg-master\vcpkg-master\installed\x86-windows\include\google\protobuf\extension_set.h(83): message : see declaration of 'google::protobuf::internal::InternalMetadataWithArena'
D:\Vcpkg\vcpkg-master\vcpkg-master\installed\x86-windows\include\google\protobuf\descriptor.pb.h(6081,59): warning C4251: 'google::protobuf::UninterpretedOption_NamePart::_has_bits_': class 'google::protobuf::internal::HasBits<1>' needs to have dll-interface to be used by clients of class 'google::protobuf::UninterpretedOption_NamePart'
D:\Vcpkg\vcpkg-master\vcpkg-master\installed\x86-windows\include\google\protobuf\has_bits.h(83): message : see declaration of 'google::protobuf::internal::HasBits<1>'
D:\Vcpkg\vcpkg-master\vcpkg-master\installed\x86-windows\include\google\protobuf\descriptor.pb.h(6380,83): warning C4251: 'google::protobuf::UninterpretedOption::_internal_metadata_': class 'google::protobuf::internal::InternalMetadataWithArena' needs to have dll-interface to be used by clients of class 'google::protobuf::UninterpretedOption'
D:\Vcpkg\vcpkg-master\vcpkg-master\installed\x86-windows\include\google\protobuf\extension_set.h(83): message : see declaration of 'google::protobuf::internal::InternalMetadataWithArena'
D:\Vcpkg\vcpkg-master\vcpkg-master\installed\x86-windows\include\google\protobuf\descriptor.pb.h(6384,59): warning C4251: 'google::protobuf::UninterpretedOption::_has_bits_': class 'google::protobuf::internal::HasBits<1>' needs to have dll-interface to be used by clients of class 'google::protobuf::UninterpretedOption'
D:\Vcpkg\vcpkg-master\vcpkg-master\installed\x86-windows\include\google\protobuf\has_bits.h(83): message : see declaration of 'google::protobuf::internal::HasBits<1>'
D:\Vcpkg\vcpkg-master\vcpkg-master\installed\x86-windows\include\google\protobuf\descriptor.pb.h(6386,105): warning C4251: 'google::protobuf::UninterpretedOption::name_': class 'google::protobuf::RepeatedPtrField<google::protobuf::UninterpretedOption_NamePart>' needs to have dll-interface to be used by clients of class 'google::protobuf::UninterpretedOption'
D:\Vcpkg\vcpkg-master\vcpkg-master\installed\x86-windows\include\google\protobuf\descriptor.pb.h(6239): message : see declaration of 'google::protobuf::RepeatedPtrField<google::protobuf::UninterpretedOption_NamePart>'
D:\Vcpkg\vcpkg-master\vcpkg-master\installed\x86-windows\include\google\protobuf\descriptor.pb.h(6666,83): warning C4251: 'google::protobuf::SourceCodeInfo_Location::_internal_metadata_': class 'google::protobuf::internal::InternalMetadataWithArena' needs to have dll-interface to be used by clients of class 'google::protobuf::SourceCodeInfo_Location'
D:\Vcpkg\vcpkg-master\vcpkg-master\installed\x86-windows\include\google\protobuf\extension_set.h(83): message : see declaration of 'google::protobuf::internal::InternalMetadataWithArena'
D:\Vcpkg\vcpkg-master\vcpkg-master\installed\x86-windows\include\google\protobuf\descriptor.pb.h(6670,59): warning C4251: 'google::protobuf::SourceCodeInfo_Location::_has_bits_': class 'google::protobuf::internal::HasBits<1>' needs to have dll-interface to be used by clients of class 'google::protobuf::SourceCodeInfo_Location'
D:\Vcpkg\vcpkg-master\vcpkg-master\installed\x86-windows\include\google\protobuf\has_bits.h(83): message : see declaration of 'google::protobuf::internal::HasBits<1>'
D:\Vcpkg\vcpkg-master\vcpkg-master\installed\x86-windows\include\google\protobuf\descriptor.pb.h(6672,81): warning C4251: 'google::protobuf::SourceCodeInfo_Location::path_': class 'google::protobuf::RepeatedField<google::protobuf::int32>' needs to have dll-interface to be used by clients of class 'google::protobuf::SourceCodeInfo_Location'
D:\Vcpkg\vcpkg-master\vcpkg-master\installed\x86-windows\include\google\protobuf\repeated_field.h(2657): message : see declaration of 'google::protobuf::RepeatedField<google::protobuf::int32>'
D:\Vcpkg\vcpkg-master\vcpkg-master\installed\x86-windows\include\google\protobuf\descriptor.pb.h(6673,51): warning C4251: 'google::protobuf::SourceCodeInfo_Location::_path_cached_byte_size_': struct 'std::atomic<int>' needs to have dll-interface to be used by clients of class 'google::protobuf::SourceCodeInfo_Location'
C:\Program Files (x86)\Microsoft Visual Studio\2019\Community\VC\Tools\MSVC\14.24.28314\include\atomic(1908): message : see declaration of 'std::atomic<int>'
D:\Vcpkg\vcpkg-master\vcpkg-master\installed\x86-windows\include\google\protobuf\descriptor.pb.h(6674,81): warning C4251: 'google::protobuf::SourceCodeInfo_Location::span_': class 'google::protobuf::RepeatedField<google::protobuf::int32>' needs to have dll-interface to be used by clients of class 'google::protobuf::SourceCodeInfo_Location'
D:\Vcpkg\vcpkg-master\vcpkg-master\installed\x86-windows\include\google\protobuf\repeated_field.h(2657): message : see declaration of 'google::protobuf::RepeatedField<google::protobuf::int32>'
D:\Vcpkg\vcpkg-master\vcpkg-master\installed\x86-windows\include\google\protobuf\descriptor.pb.h(6675,51): warning C4251: 'google::protobuf::SourceCodeInfo_Location::_span_cached_byte_size_': struct 'std::atomic<int>' needs to have dll-interface to be used by clients of class 'google::protobuf::SourceCodeInfo_Location'
C:\Program Files (x86)\Microsoft Visual Studio\2019\Community\VC\Tools\MSVC\14.24.28314\include\atomic(1908): message : see declaration of 'std::atomic<int>'
D:\Vcpkg\vcpkg-master\vcpkg-master\installed\x86-windows\include\google\protobuf\descriptor.pb.h(6676,84): warning C4251: 'google::protobuf::SourceCodeInfo_Location::leading_detached_comments_': class 'google::protobuf::RepeatedPtrField<std::basic_string<char,std::char_traits<char>,std::allocator<char>>>' needs to have dll-interface to be used by clients of class 'google::protobuf::SourceCodeInfo_Location'
D:\Vcpkg\vcpkg-master\vcpkg-master\installed\x86-windows\include\google\protobuf\repeated_field.h(1920): message : see declaration of 'google::protobuf::RepeatedPtrField<std::basic_string<char,std::char_traits<char>,std::allocator<char>>>'
D:\Vcpkg\vcpkg-master\vcpkg-master\installed\x86-windows\include\google\protobuf\descriptor.pb.h(6842,83): warning C4251: 'google::protobuf::SourceCodeInfo::_internal_metadata_': class 'google::protobuf::internal::InternalMetadataWithArena' needs to have dll-interface to be used by clients of class 'google::protobuf::SourceCodeInfo'
D:\Vcpkg\vcpkg-master\vcpkg-master\installed\x86-windows\include\google\protobuf\extension_set.h(83): message : see declaration of 'google::protobuf::internal::InternalMetadataWithArena'
D:\Vcpkg\vcpkg-master\vcpkg-master\installed\x86-windows\include\google\protobuf\descriptor.pb.h(6846,59): warning C4251: 'google::protobuf::SourceCodeInfo::_has_bits_': class 'google::protobuf::internal::HasBits<1>' needs to have dll-interface to be used by clients of class 'google::protobuf::SourceCodeInfo'
D:\Vcpkg\vcpkg-master\vcpkg-master\installed\x86-windows\include\google\protobuf\has_bits.h(83): message : see declaration of 'google::protobuf::internal::HasBits<1>'
D:\Vcpkg\vcpkg-master\vcpkg-master\installed\x86-windows\include\google\protobuf\descriptor.pb.h(6848,104): warning C4251: 'google::protobuf::SourceCodeInfo::location_': class 'google::protobuf::RepeatedPtrField<google::protobuf::SourceCodeInfo_Location>' needs to have dll-interface to be used by clients of class 'google::protobuf::SourceCodeInfo'
D:\Vcpkg\vcpkg-master\vcpkg-master\installed\x86-windows\include\google\protobuf\descriptor.pb.h(6827): message : see declaration of 'google::protobuf::RepeatedPtrField<google::protobuf::SourceCodeInfo_Location>'
D:\Vcpkg\vcpkg-master\vcpkg-master\installed\x86-windows\include\google\protobuf\descriptor.pb.h(7072,83): warning C4251: 'google::protobuf::GeneratedCodeInfo_Annotation::_internal_metadata_': class 'google::protobuf::internal::InternalMetadataWithArena' needs to have dll-interface to be used by clients of class 'google::protobuf::GeneratedCodeInfo_Annotation'
D:\Vcpkg\vcpkg-master\vcpkg-master\installed\x86-windows\include\google\protobuf\extension_set.h(83): message : see declaration of 'google::protobuf::internal::InternalMetadataWithArena'
D:\Vcpkg\vcpkg-master\vcpkg-master\installed\x86-windows\include\google\protobuf\descriptor.pb.h(7076,59): warning C4251: 'google::protobuf::GeneratedCodeInfo_Annotation::_has_bits_': class 'google::protobuf::internal::HasBits<1>' needs to have dll-interface to be used by clients of class 'google::protobuf::GeneratedCodeInfo_Annotation'
D:\Vcpkg\vcpkg-master\vcpkg-master\installed\x86-windows\include\google\protobuf\has_bits.h(83): message : see declaration of 'google::protobuf::internal::HasBits<1>'
D:\Vcpkg\vcpkg-master\vcpkg-master\installed\x86-windows\include\google\protobuf\descriptor.pb.h(7078,81): warning C4251: 'google::protobuf::GeneratedCodeInfo_Annotation::path_': class 'google::protobuf::RepeatedField<google::protobuf::int32>' needs to have dll-interface to be used by clients of class 'google::protobuf::GeneratedCodeInfo_Annotation'
D:\Vcpkg\vcpkg-master\vcpkg-master\installed\x86-windows\include\google\protobuf\repeated_field.h(2657): message : see declaration of 'google::protobuf::RepeatedField<google::protobuf::int32>'
D:\Vcpkg\vcpkg-master\vcpkg-master\installed\x86-windows\include\google\protobuf\descriptor.pb.h(7079,51): warning C4251: 'google::protobuf::GeneratedCodeInfo_Annotation::_path_cached_byte_size_': struct 'std::atomic<int>' needs to have dll-interface to be used by clients of class 'google::protobuf::GeneratedCodeInfo_Annotation'
C:\Program Files (x86)\Microsoft Visual Studio\2019\Community\VC\Tools\MSVC\14.24.28314\include\atomic(1908): message : see declaration of 'std::atomic<int>'
D:\Vcpkg\vcpkg-master\vcpkg-master\installed\x86-windows\include\google\protobuf\descriptor.pb.h(7246,83): warning C4251: 'google::protobuf::GeneratedCodeInfo::_internal_metadata_': class 'google::protobuf::internal::InternalMetadataWithArena' needs to have dll-interface to be used by clients of class 'google::protobuf::GeneratedCodeInfo'
D:\Vcpkg\vcpkg-master\vcpkg-master\installed\x86-windows\include\google\protobuf\extension_set.h(83): message : see declaration of 'google::protobuf::internal::InternalMetadataWithArena'
D:\Vcpkg\vcpkg-master\vcpkg-master\installed\x86-windows\include\google\protobuf\descriptor.pb.h(7250,59): warning C4251: 'google::protobuf::GeneratedCodeInfo::_has_bits_': class 'google::protobuf::internal::HasBits<1>' needs to have dll-interface to be used by clients of class 'google::protobuf::GeneratedCodeInfo'
D:\Vcpkg\vcpkg-master\vcpkg-master\installed\x86-windows\include\google\protobuf\has_bits.h(83): message : see declaration of 'google::protobuf::internal::HasBits<1>'
D:\Vcpkg\vcpkg-master\vcpkg-master\installed\x86-windows\include\google\protobuf\descriptor.pb.h(7252,111): warning C4251: 'google::protobuf::GeneratedCodeInfo::annotation_': class 'google::protobuf::RepeatedPtrField<google::protobuf::GeneratedCodeInfo_Annotation>' needs to have dll-interface to be used by clients of class 'google::protobuf::GeneratedCodeInfo'
D:\Vcpkg\vcpkg-master\vcpkg-master\installed\x86-windows\include\google\protobuf\descriptor.pb.h(7231): message : see declaration of 'google::protobuf::RepeatedPtrField<google::protobuf::GeneratedCodeInfo_Annotation>'
D:\Vcpkg\vcpkg-master\vcpkg-master\installed\x86-windows\include\google\protobuf\descriptor_database.h(286,53): warning C4251: 'google::protobuf::SimpleDescriptorDatabase::index_': class 'google::protobuf::SimpleDescriptorDatabase::DescriptorIndex<const google::protobuf::FileDescriptorProto *>' needs to have dll-interface to be used by clients of class 'google::protobuf::SimpleDescriptorDatabase'
D:\Vcpkg\vcpkg-master\vcpkg-master\installed\x86-windows\include\google\protobuf\descriptor_database.h(286): message : see declaration of 'google::protobuf::SimpleDescriptorDatabase::DescriptorIndex<const google::protobuf::FileDescriptorProto *>'
D:\Vcpkg\vcpkg-master\vcpkg-master\installed\x86-windows\include\google\protobuf\descriptor_database.h(287,75): warning C4251: 'google::protobuf::SimpleDescriptorDatabase::files_to_delete_': class 'std::vector<std::unique_ptr<const google::protobuf::FileDescriptorProto,std::default_delete<const google::protobuf::FileDescriptorProto>>,std::allocator<std::unique_ptr<const google::protobuf::FileDescriptorProto,std::default_delete<const google::protobuf::FileDescriptorProto>>>>' needs to have dll-interface to be used by clients of class 'google::protobuf::SimpleDescriptorDatabase'
D:\Vcpkg\vcpkg-master\vcpkg-master\installed\x86-windows\include\google\protobuf\descriptor_database.h(287): message : see declaration of 'std::vector<std::unique_ptr<const google::protobuf::FileDescriptorProto,std::default_delete<const google::protobuf::FileDescriptorProto>>,std::allocator<std::unique_ptr<const google::protobuf::FileDescriptorProto,std::default_delete<const google::protobuf::FileDescriptorProto>>>>'
D:\Vcpkg\vcpkg-master\vcpkg-master\installed\x86-windows\include\google\protobuf\descriptor_database.h(336,13): warning C4251: 'google::protobuf::EncodedDescriptorDatabase::index_': class 'google::protobuf::SimpleDescriptorDatabase::DescriptorIndex<std::pair<const void *,int>>' needs to have dll-interface to be used by clients of class 'google::protobuf::EncodedDescriptorDatabase'
D:\Vcpkg\vcpkg-master\vcpkg-master\installed\x86-windows\include\google\protobuf\descriptor_database.h(335): message : see declaration of 'google::protobuf::SimpleDescriptorDatabase::DescriptorIndex<std::pair<const void *,int>>'
D:\Vcpkg\vcpkg-master\vcpkg-master\installed\x86-windows\include\google\protobuf\descriptor_database.h(337,38): warning C4251: 'google::protobuf::EncodedDescriptorDatabase::files_to_delete_': class 'std::vector<void *,std::allocator<void *>>' needs to have dll-interface to be used by clients of class 'google::protobuf::EncodedDescriptorDatabase'
D:\Vcpkg\vcpkg-master\vcpkg-master\installed\x86-windows\include\google\protobuf\descriptor_database.h(337): message : see declaration of 'std::vector<void *,std::allocator<void *>>'
D:\Vcpkg\vcpkg-master\vcpkg-master\installed\x86-windows\include\google\protobuf\descriptor_database.h(398,44): warning C4251: 'google::protobuf::MergedDescriptorDatabase::sources_': class 'std::vector<google::protobuf::DescriptorDatabase *,std::allocator<google::protobuf::DescriptorDatabase *>>' needs to have dll-interface to be used by clients of class 'google::protobuf::MergedDescriptorDatabase'
D:\Vcpkg\vcpkg-master\vcpkg-master\installed\x86-windows\include\google\protobuf\descriptor_database.h(380): message : see declaration of 'std::vector<google::protobuf::DescriptorDatabase *,std::allocator<google::protobuf::DescriptorDatabase *>>'
D:\Vcpkg\vcpkg-master\vcpkg-master\installed\x86-windows\include\google\protobuf\any.pb.h(49,46): warning C4251: 'TableStruct_google_2fprotobuf_2fany_2eproto::aux': union 'google::protobuf::internal::AuxillaryParseTableField' needs to have dll-interface to be used by clients of struct 'TableStruct_google_2fprotobuf_2fany_2eproto'
D:\Vcpkg\vcpkg-master\vcpkg-master\installed\x86-windows\include\google\protobuf\generated_message_table_driven.h(141): message : see declaration of 'google::protobuf::internal::AuxillaryParseTableField'
D:\Vcpkg\vcpkg-master\vcpkg-master\installed\x86-windows\include\google\protobuf\any.pb.h(247,83): warning C4251: 'google::protobuf::Any::_internal_metadata_': class 'google::protobuf::internal::InternalMetadataWithArena' needs to have dll-interface to be used by clients of class 'google::protobuf::Any'
D:\Vcpkg\vcpkg-master\vcpkg-master\installed\x86-windows\include\google\protobuf\extension_set.h(83): message : see declaration of 'google::protobuf::internal::InternalMetadataWithArena'
D:\Vcpkg\vcpkg-master\vcpkg-master\installed\x86-windows\include\google\protobuf\source_context.pb.h(49,46): warning C4251: 'TableStruct_google_2fprotobuf_2fsource_5fcontext_2eproto::aux': union 'google::protobuf::internal::AuxillaryParseTableField' needs to have dll-interface to be used by clients of struct 'TableStruct_google_2fprotobuf_2fsource_5fcontext_2eproto'
D:\Vcpkg\vcpkg-master\vcpkg-master\installed\x86-windows\include\google\protobuf\generated_message_table_driven.h(141): message : see declaration of 'google::protobuf::internal::AuxillaryParseTableField'
D:\Vcpkg\vcpkg-master\vcpkg-master\installed\x86-windows\include\google\protobuf\source_context.pb.h(197,83): warning C4251: 'google::protobuf::SourceContext::_internal_metadata_': class 'google::protobuf::internal::InternalMetadataWithArena' needs to have dll-interface to be used by clients of class 'google::protobuf::SourceContext'
D:\Vcpkg\vcpkg-master\vcpkg-master\installed\x86-windows\include\google\protobuf\extension_set.h(83): message : see declaration of 'google::protobuf::internal::InternalMetadataWithArena'
D:\Vcpkg\vcpkg-master\vcpkg-master\installed\x86-windows\include\google\protobuf\type.pb.h(52,46): warning C4251: 'TableStruct_google_2fprotobuf_2ftype_2eproto::aux': union 'google::protobuf::internal::AuxillaryParseTableField' needs to have dll-interface to be used by clients of struct 'TableStruct_google_2fprotobuf_2ftype_2eproto'
D:\Vcpkg\vcpkg-master\vcpkg-master\installed\x86-windows\include\google\protobuf\generated_message_table_driven.h(141): message : see declaration of 'google::protobuf::internal::AuxillaryParseTableField'
D:\Vcpkg\vcpkg-master\vcpkg-master\installed\x86-windows\include\google\protobuf\type.pb.h(431,83): warning C4251: 'google::protobuf::Type::_internal_metadata_': class 'google::protobuf::internal::InternalMetadataWithArena' needs to have dll-interface to be used by clients of class 'google::protobuf::Type'
D:\Vcpkg\vcpkg-master\vcpkg-master\installed\x86-windows\include\google\protobuf\extension_set.h(83): message : see declaration of 'google::protobuf::internal::InternalMetadataWithArena'
D:\Vcpkg\vcpkg-master\vcpkg-master\installed\x86-windows\include\google\protobuf\type.pb.h(435,84): warning C4251: 'google::protobuf::Type::fields_': class 'google::protobuf::RepeatedPtrField<google::protobuf::Field>' needs to have dll-interface to be used by clients of class 'google::protobuf::Type'
D:\Vcpkg\vcpkg-master\vcpkg-master\installed\x86-windows\include\google\protobuf\type.pb.h(322): message : see declaration of 'google::protobuf::RepeatedPtrField<google::protobuf::Field>'
D:\Vcpkg\vcpkg-master\vcpkg-master\installed\x86-windows\include\google\protobuf\type.pb.h(436,65): warning C4251: 'google::protobuf::Type::oneofs_': class 'google::protobuf::RepeatedPtrField<std::basic_string<char,std::char_traits<char>,std::allocator<char>>>' needs to have dll-interface to be used by clients of class 'google::protobuf::Type'
D:\Vcpkg\vcpkg-master\vcpkg-master\installed\x86-windows\include\google\protobuf\repeated_field.h(1920): message : see declaration of 'google::protobuf::RepeatedPtrField<std::basic_string<char,std::char_traits<char>,std::allocator<char>>>'
D:\Vcpkg\vcpkg-master\vcpkg-master\installed\x86-windows\include\google\protobuf\type.pb.h(437,86): warning C4251: 'google::protobuf::Type::options_': class 'google::protobuf::RepeatedPtrField<google::protobuf::Option>' needs to have dll-interface to be used by clients of class 'google::protobuf::Type'
D:\Vcpkg\vcpkg-master\vcpkg-master\installed\x86-windows\include\google\protobuf\type.pb.h(364): message : see declaration of 'google::protobuf::RepeatedPtrField<google::protobuf::Option>'
D:\Vcpkg\vcpkg-master\vcpkg-master\installed\x86-windows\include\google\protobuf\type.pb.h(848,83): warning C4251: 'google::protobuf::Field::_internal_metadata_': class 'google::protobuf::internal::InternalMetadataWithArena' needs to have dll-interface to be used by clients of class 'google::protobuf::Field'
D:\Vcpkg\vcpkg-master\vcpkg-master\installed\x86-windows\include\google\protobuf\extension_set.h(83): message : see declaration of 'google::protobuf::internal::InternalMetadataWithArena'
D:\Vcpkg\vcpkg-master\vcpkg-master\installed\x86-windows\include\google\protobuf\type.pb.h(852,86): warning C4251: 'google::protobuf::Field::options_': class 'google::protobuf::RepeatedPtrField<google::protobuf::Option>' needs to have dll-interface to be used by clients of class 'google::protobuf::Field'
D:\Vcpkg\vcpkg-master\vcpkg-master\installed\x86-windows\include\google\protobuf\type.pb.h(364): message : see declaration of 'google::protobuf::RepeatedPtrField<google::protobuf::Option>'
D:\Vcpkg\vcpkg-master\vcpkg-master\installed\x86-windows\include\google\protobuf\type.pb.h(1091,83): warning C4251: 'google::protobuf::Enum::_internal_metadata_': class 'google::protobuf::internal::InternalMetadataWithArena' needs to have dll-interface to be used by clients of class 'google::protobuf::Enum'
D:\Vcpkg\vcpkg-master\vcpkg-master\installed\x86-windows\include\google\protobuf\extension_set.h(83): message : see declaration of 'google::protobuf::internal::InternalMetadataWithArena'
D:\Vcpkg\vcpkg-master\vcpkg-master\installed\x86-windows\include\google\protobuf\type.pb.h(1095,91): warning C4251: 'google::protobuf::Enum::enumvalue_': class 'google::protobuf::RepeatedPtrField<google::protobuf::EnumValue>' needs to have dll-interface to be used by clients of class 'google::protobuf::Enum'
D:\Vcpkg\vcpkg-master\vcpkg-master\installed\x86-windows\include\google\protobuf\type.pb.h(1006): message : see declaration of 'google::protobuf::RepeatedPtrField<google::protobuf::EnumValue>'
D:\Vcpkg\vcpkg-master\vcpkg-master\installed\x86-windows\include\google\protobuf\type.pb.h(1096,86): warning C4251: 'google::protobuf::Enum::options_': class 'google::protobuf::RepeatedPtrField<google::protobuf::Option>' needs to have dll-interface to be used by clients of class 'google::protobuf::Enum'
D:\Vcpkg\vcpkg-master\vcpkg-master\installed\x86-windows\include\google\protobuf\type.pb.h(364): message : see declaration of 'google::protobuf::RepeatedPtrField<google::protobuf::Option>'
D:\Vcpkg\vcpkg-master\vcpkg-master\installed\x86-windows\include\google\protobuf\type.pb.h(1291,83): warning C4251: 'google::protobuf::EnumValue::_internal_metadata_': class 'google::protobuf::internal::InternalMetadataWithArena' needs to have dll-interface to be used by clients of class 'google::protobuf::EnumValue'
D:\Vcpkg\vcpkg-master\vcpkg-master\installed\x86-windows\include\google\protobuf\extension_set.h(83): message : see declaration of 'google::protobuf::internal::InternalMetadataWithArena'
D:\Vcpkg\vcpkg-master\vcpkg-master\installed\x86-windows\include\google\protobuf\type.pb.h(1295,86): warning C4251: 'google::protobuf::EnumValue::options_': class 'google::protobuf::RepeatedPtrField<google::protobuf::Option>' needs to have dll-interface to be used by clients of class 'google::protobuf::EnumValue'
D:\Vcpkg\vcpkg-master\vcpkg-master\installed\x86-windows\include\google\protobuf\type.pb.h(364): message : see declaration of 'google::protobuf::RepeatedPtrField<google::protobuf::Option>'
D:\Vcpkg\vcpkg-master\vcpkg-master\installed\x86-windows\include\google\protobuf\type.pb.h(1479,83): warning C4251: 'google::protobuf::Option::_internal_metadata_': class 'google::protobuf::internal::InternalMetadataWithArena' needs to have dll-interface to be used by clients of class 'google::protobuf::Option'
D:\Vcpkg\vcpkg-master\vcpkg-master\installed\x86-windows\include\google\protobuf\extension_set.h(83): message : see declaration of 'google::protobuf::internal::InternalMetadataWithArena'
D:\Vcpkg\vcpkg-master\vcpkg-master\installed\x86-windows\include\google\protobuf\stubs\status.h(113,24): warning C4251: 'google::protobuf::util::Status::error_message_': class 'std::basic_string<char,std::char_traits<char>,std::allocator<char>>' needs to have dll-interface to be used by clients of class 'google::protobuf::util::Status'
C:\Program Files (x86)\Microsoft Visual Studio\2019\Community\VC\Tools\MSVC\14.24.28314\include\xstring(4448): message : see declaration of 'std::basic_string<char,std::char_traits<char>,std::allocator<char>>'
  Client.vcxproj -> C:\Users\Andy\source\repos\CNA\Tema1\Debug\Client.exe
